=== start 2026-04-21T18:03:54-03:00 ===
2026-04-21 18:03:55,148 INFO stage4_mini: boot cwd=/home/martin/whatsapp-commercial-analyzer
2026-04-21 18:03:55,148 INFO stage4_mini: have conversations.jsonl (173975 bytes)
2026-04-21 18:03:55,148 INFO stage4_mini: have spa_templates.json (60934 bytes)
2026-04-21 18:03:55,148 INFO stage4_mini: have spa_message_template_map.json (5694 bytes)
2026-04-21 18:03:55,148 INFO stage4_mini: have script.yaml (11770 bytes)
2026-04-21 18:03:55,149 INFO stage4_mini: copied inputs → /tmp/tmp7dq09e9u/data
2026-04-21 18:03:55,149 INFO stage4_mini: build ClaudeClient(max)
2026-04-21 18:03:55,281 INFO stage4_mini: client ready in 0.13s
2026-04-21 18:03:55,281 INFO stage4_mini: load prompt + steps summary
2026-04-21 18:03:55,291 INFO stage4_mini: templates in file: 229
2026-04-21 18:03:55,292 INFO stage4_mini: using first 3 templates
2026-04-21 18:03:55,292 INFO stage4_mini: call 0 → MAX: text='[17:00, 2/3/2026] Puris Spa: Olá Giovanna. Seja muito bem vi' (user_msg=4114 chars)
2026-04-21 18:04:14,184 INFO stage4_mini: call 0 done in 18.89s → step_id='3.5' matches_script=False deviation_note='Apresentação muito extensa e técnica em listas; desvia do tom conversacional e personalizado do script.'
2026-04-21 18:04:14,185 INFO stage4_mini: call 1 → MAX: text='Ok' (user_msg=2095 chars)
2026-04-21 18:04:39,251 INFO stage4_mini: call 1 done in 25.07s → step_id='1' matches_script=False deviation_note='Mensagem demasiado breve e sem acolhimento; carece dos elementos de saudação e engajamento do script.'
2026-04-21 18:04:39,252 INFO stage4_mini: call 2 → MAX: text='ah blz' (user_msg=2099 chars)
2026-04-21 18:04:52,062 INFO stage4_mini: call 2 done in 12.81s → step_id='fup1' matches_script=False deviation_note='Extremamente informal e incompleto — falta nome, emojis, acolhimento; tom não segue padrão de follow-up.'
2026-04-21 18:04:52,062 INFO stage4_mini: usage={'max': {'calls': 3, 'input_tokens': 27, 'output_tokens': 5377, 'cache_read_input_tokens': 43980, 'cache_creation_input_tokens': 32717}, 'api': {'calls': 0, 'input_tokens': 0, 'output_tokens': 0, 'cache_read_input_tokens': 0, 'cache_creation_input_tokens': 0, 'cost_usd': 0.0}, 'fallback_events': []}
2026-04-21 18:04:52,062 INFO stage4_mini: OK
=== exit=0 2026-04-21T18:04:52-03:00 ===
